Build started 01/08/2018 11:28:53 م.
     1>Project "E:\Hotel Manegment system Project1\formd\formd.vcxproj" on node 2 (build target(s)).
     1>InitializeBuildStatus:
         Creating "Debug\formd.unsuccessfulbuild" because "AlwaysCreate" was specified.
       GenerateTargetFrameworkMonikerAttribute:
       Skipping target "GenerateTargetFrameworkMonikerAttribute" because all output files are up-to-date with respect to the input files.
       ClCompile:
         All outputs are up-to-date.
         E:\visual studio 2010\VC\bin\CL.exe /c /AI"C:\Program Files (x86)\Reference Assemblies\Microsoft\Framework\.NETFramework\v4.0" /Zi /clr:pure /nologo /W3 /WX- /Od /Oy- /D WIN32 /D _DEBUG /D _UNICODE /D UNICODE /EHa /MDd /GS /fp:precise /Zc:wchar_t /Zc:forScope /Yu"StdAfx.h" /Fp"Debug\formd.pch" /Fo"Debug\\" /Fd"Debug\vc100.pdb" /TP /FU"C:\Program Files (x86)\Reference Assemblies\Microsoft\Framework\.NETFramework\v4.0\System.Core.dll" /FU"C:\Program Files (x86)\Reference Assemblies\Microsoft\Framework\.NETFramework\v4.0\System.Data.dll" /FU"C:\Program Files (x86)\Reference Assemblies\Microsoft\Framework\.NETFramework\v4.0\System.dll" /FU"C:\Program Files (x86)\Reference Assemblies\Microsoft\Framework\.NETFramework\v4.0\System.Drawing.dll" /FU"C:\Program Files (x86)\Reference Assemblies\Microsoft\Framework\.NETFramework\v4.0\System.Windows.Forms.dll" /FU"C:\Program Files (x86)\Reference Assemblies\Microsoft\Framework\.NETFramework\v4.0\System.Xml.dll" /analyze- /errorReport:prompt Form2.cpp Form3.cpp Form4.cpp formd.cpp /clr:nostdlib 
         Form2.cpp
         Form3.cpp
         Form4.cpp
         formd.cpp
         Generating Code...
         All outputs are up-to-date.
       CoreResGen:
         "C:\Program Files (x86)\Microsoft SDKs\Windows\v7.0A\bin\NETFX 4.0 Tools\resgen.exe" /useSourcePath /r:"C:\Program Files (x86)\Reference Assemblies\Microsoft\Framework\.NETFramework\v4.0\System.Core.dll" /r:"C:\Program Files (x86)\Reference Assemblies\Microsoft\Framework\.NETFramework\v4.0\System.Data.dll" /r:"C:\Program Files (x86)\Reference Assemblies\Microsoft\Framework\.NETFramework\v4.0\System.dll" /r:"C:\Program Files (x86)\Reference Assemblies\Microsoft\Framework\.NETFramework\v4.0\System.Drawing.dll" /r:"C:\Program Files (x86)\Reference Assemblies\Microsoft\Framework\.NETFramework\v4.0\System.Windows.Forms.dll" /r:"C:\Program Files (x86)\Reference Assemblies\Microsoft\Framework\.NETFramework\v4.0\System.Xml.dll" /compile Form1.resX,Debug\formd.Form1.resources Form2.resx,Debug\formd.Form2.resources Form3.resx,Debug\formd.Form3.resources Form4.resx,Debug\formd.Form4.resources
         Processing resource file "Form1.resX" into "Debug\formd.Form1.resources".
         Processing resource file "Form2.resx" into "Debug\formd.Form2.resources".
         Processing resource file "Form3.resx" into "Debug\formd.Form3.resources".
         Processing resource file "Form4.resx" into "Debug\formd.Form4.resources".
       ResourceCompile:
         All outputs are up-to-date.
       Link:
         E:\visual studio 2010\VC\bin\link.exe /ERRORREPORT:PROMPT /OUT:"E:\Hotel Manegment system Project1\Debug\formd.exe" /INCREMENTAL /NOLOGO /ASSEMBLYRESOURCE:Debug\formd.Form1.resources /ASSEMBLYRESOURCE:Debug\formd.Form2.resources /ASSEMBLYRESOURCE:Debug\formd.Form3.resources /ASSEMBLYRESOURCE:Debug\formd.Form4.resources /MANIFEST /ManifestFile:"Debug\formd.exe.intermediate.manifest" /MANIFESTUAC:"level='asInvoker' uiAccess='false'" /DEBUG /PDB:"E:\Hotel Manegment system Project1\Debug\formd.pdb" /ASSEMBLYDEBUG /SUBSYSTEM:WINDOWS /TLBID:1 /ENTRY:"main" /DYNAMICBASE /FIXED:NO /NXCOMPAT /MACHINE:X86 Debug\app.res
         Debug\AssemblyInfo.obj
         Debug\Form2.obj
         Debug\Form3.obj
         Debug\Form4.obj
         Debug\formd.obj
         Debug\stdafx.obj
         "Debug\.NETFramework,Version=v4.0.AssemblyAttributes.obj"
         formd.vcxproj -> E:\Hotel Manegment system Project1\Debug\formd.exe
       Manifest:
         C:\Program Files (x86)\Microsoft SDKs\Windows\v7.0A\bin\mt.exe /nologo /verbose /outputresource:"E:\Hotel Manegment system Project1\Debug\formd.exe;#1" /manifest Debug\formd.exe.intermediate.manifest
       FinalizeBuildStatus:
         Deleting file "Debug\formd.unsuccessfulbuild".
         Touching "Debug\formd.lastbuildstate".
     1>Done Building Project "E:\Hotel Manegment system Project1\formd\formd.vcxproj" (build target(s)).

Build succeeded.

Time Elapsed 00:00:12.79
