C:\Users\pc25\Documents\Visual Studio 2010\Projects\Hotel Manegment system Project1\Debug\formd.exe
C:\Users\pc25\Documents\Visual Studio 2010\Projects\Hotel Manegment system Project1\Debug\formd.pdb
C:\USERS\PC25\DOCUMENTS\VISUAL STUDIO 2010\PROJECTS\HOTEL MANEGMENT SYSTEM PROJECT1\FORMD\DEBUG\.NETFRAMEWORK,VERSION=V4.0.ASSEMBLYATTRIBUTES.OBJ
C:\USERS\PC25\DOCUMENTS\VISUAL STUDIO 2010\PROJECTS\HOTEL MANEGMENT SYSTEM PROJECT1\FORMD\DEBUG\APP.RES
C:\USERS\PC25\DOCUMENTS\VISUAL STUDIO 2010\PROJECTS\HOTEL MANEGMENT SYSTEM PROJECT1\FORMD\DEBUG\ASSEMBLYINFO.OBJ
C:\Users\pc25\Documents\Visual Studio 2010\Projects\Hotel Manegment system Project1\formd\Debug\cl.command.1.tlog
C:\Users\pc25\Documents\Visual Studio 2010\Projects\Hotel Manegment system Project1\formd\Debug\CL.read.1.tlog
C:\Users\pc25\Documents\Visual Studio 2010\Projects\Hotel Manegment system Project1\formd\Debug\CL.write.1.tlog
C:\USERS\PC25\DOCUMENTS\VISUAL STUDIO 2010\PROJECTS\HOTEL MANEGMENT SYSTEM PROJECT1\FORMD\DEBUG\FORM2.OBJ
C:\USERS\PC25\DOCUMENTS\VISUAL STUDIO 2010\PROJECTS\HOTEL MANEGMENT SYSTEM PROJECT1\FORMD\DEBUG\FORM3.OBJ
C:\USERS\PC25\DOCUMENTS\VISUAL STUDIO 2010\PROJECTS\HOTEL MANEGMENT SYSTEM PROJECT1\FORMD\DEBUG\FORM4.OBJ
C:\Users\pc25\Documents\Visual Studio 2010\Projects\Hotel Manegment system Project1\formd\Debug\formd.Form1.resources
C:\Users\pc25\Documents\Visual Studio 2010\Projects\Hotel Manegment system Project1\formd\Debug\formd.Form2.resources
C:\Users\pc25\Documents\Visual Studio 2010\Projects\Hotel Manegment system Project1\formd\Debug\formd.Form3.resources
C:\Users\pc25\Documents\Visual Studio 2010\Projects\Hotel Manegment system Project1\formd\Debug\formd.Form4.resources
C:\USERS\PC25\DOCUMENTS\VISUAL STUDIO 2010\PROJECTS\HOTEL MANEGMENT SYSTEM PROJECT1\FORMD\DEBUG\FORMD.OBJ
C:\USERS\PC25\DOCUMENTS\VISUAL STUDIO 2010\PROJECTS\HOTEL MANEGMENT SYSTEM PROJECT1\FORMD\DEBUG\FORMD.PCH
C:\Users\pc25\Documents\Visual Studio 2010\Projects\Hotel Manegment system Project1\formd\Debug\formd.vcxproj.GenerateResource.Cache
C:\Users\pc25\Documents\Visual Studio 2010\Projects\Hotel Manegment system Project1\formd\Debug\formd.vcxprojResolveAssemblyReference.cache
C:\Users\pc25\Documents\Visual Studio 2010\Projects\Hotel Manegment system Project1\formd\Debug\formd.write.1.tlog
C:\Users\pc25\Documents\Visual Studio 2010\Projects\Hotel Manegment system Project1\formd\Debug\link.command.1.tlog
C:\Users\pc25\Documents\Visual Studio 2010\Projects\Hotel Manegment system Project1\formd\Debug\link.read.1.tlog
C:\Users\pc25\Documents\Visual Studio 2010\Projects\Hotel Manegment system Project1\formd\Debug\link.write.1.tlog
C:\Users\pc25\Documents\Visual Studio 2010\Projects\Hotel Manegment system Project1\formd\Debug\rc.command.1.tlog
C:\Users\pc25\Documents\Visual Studio 2010\Projects\Hotel Manegment system Project1\formd\Debug\rc.read.1.tlog
C:\Users\pc25\Documents\Visual Studio 2010\Projects\Hotel Manegment system Project1\formd\Debug\rc.write.1.tlog
C:\USERS\PC25\DOCUMENTS\VISUAL STUDIO 2010\PROJECTS\HOTEL MANEGMENT SYSTEM PROJECT1\FORMD\DEBUG\STDAFX.OBJ
C:\USERS\PC25\DOCUMENTS\VISUAL STUDIO 2010\PROJECTS\HOTEL MANEGMENT SYSTEM PROJECT1\FORMD\DEBUG\VC100.PDB
